  3.2.cpp
  3.4.cpp
  3.5.cpp
  正在生成代码...
3.4.obj : error LNK2005: main 已经在 3.2.obj 中定义
3.5.obj : error LNK2005: main 已经在 3.2.obj 中定义
E:\Code\CPP\C++ Primer\charpter2\x64\Debug\charpter2.exe : fatal error LNK1169: 找到一个或多个多重定义的符号
